0 info it worked if it ends with ok
1 verbose cli [ '/home/glen/.nvm/versions/io.js/v2.5.0/bin/iojs',
1 verbose cli   '/home/glen/.nvm/versions/io.js/v2.5.0/bin/npm',
1 verbose cli   'install' ]
2 info using npm@2.13.2
3 info using node@v2.5.0
4 verbose readDependencies loading dependencies from /work/experiments/workaholic-ui/package.json
5 warn package.json workaholic-ui@1.0.0 No README data
6 verbose install where, deps [ '/work/experiments/workaholic-ui',
6 verbose install   [ '@matteo.collina/cocktail-control',
6 verbose install     'chalk',
6 verbose install     'express',
6 verbose install     'fastparallel',
6 verbose install     'level',
6 verbose install     'mqtt',
6 verbose install     'socket.io',
6 verbose install     'when-conditional' ] ]
7 verbose install where, peers [ '/work/experiments/workaholic-ui', [] ]
8 verbose installManyTop reading for lifecycle /work/experiments/workaholic-ui/package.json
9 info preinstall workaholic-ui@1.0.0
10 verbose installManyTop reading scoped package data from /work/experiments/workaholic-ui/node_modules/chalk/package.json
11 verbose installManyTop reading scoped package data from /work/experiments/workaholic-ui/node_modules/express/package.json
12 verbose installManyTop reading scoped package data from /work/experiments/workaholic-ui/node_modules/fastparallel/package.json
13 verbose installManyTop reading scoped package data from /work/experiments/workaholic-ui/node_modules/level/package.json
14 verbose installManyTop reading scoped package data from /work/experiments/workaholic-ui/node_modules/mqtt/package.json
15 verbose installManyTop reading scoped package data from /work/experiments/workaholic-ui/node_modules/socket.io/package.json
16 verbose installManyTop reading scoped package data from /work/experiments/workaholic-ui/node_modules/when-conditional/package.json
17 verbose installManyTop reading scoped package data from /work/experiments/workaholic-ui/node_modules/@matteo.collina/cocktail-control/package.json
18 info package.json socket.io@1.3.6 No license field.
19 verbose readDependencies loading dependencies from /work/experiments/workaholic-ui/package.json
20 verbose targetResolver reading package data from /work/experiments/workaholic-ui/node_modules/chalk/package.json
21 verbose targetResolver reading package data from /work/experiments/workaholic-ui/node_modules/express/package.json
22 verbose targetResolver reading package data from /work/experiments/workaholic-ui/node_modules/fastparallel/package.json
23 verbose targetResolver reading package data from /work/experiments/workaholic-ui/node_modules/level/package.json
24 verbose targetResolver reading package data from /work/experiments/workaholic-ui/node_modules/mqtt/package.json
25 verbose targetResolver reading package data from /work/experiments/workaholic-ui/node_modules/socket.io/package.json
26 verbose targetResolver reading package data from /work/experiments/workaholic-ui/node_modules/when-conditional/package.json
27 verbose targetResolver reading package data from /work/experiments/workaholic-ui/node_modules/.bin/mqtt/package.json
28 verbose targetResolver reading package data from /work/experiments/workaholic-ui/node_modules/.bin/mqtt_pub/package.json
29 verbose targetResolver reading package data from /work/experiments/workaholic-ui/node_modules/.bin/mqtt_sub/package.json
30 verbose targetResolver reading package data from /work/experiments/workaholic-ui/node_modules/@matteo.collina/cocktail-control/package.json
31 verbose already installed skipping mqtt@^1.3.5 /work/experiments/workaholic-ui
32 verbose already installed skipping socket.io@^1.3.6 /work/experiments/workaholic-ui
33 verbose already installed skipping when-conditional@^2.0.0 /work/experiments/workaholic-ui
34 silly cache add args [ '@matteo.collina/cocktail-control@^1.0.1', null ]
35 verbose cache add spec @matteo.collina/cocktail-control@^1.0.1
36 silly cache add parsed spec { raw: '@matteo.collina/cocktail-control@^1.0.1',
36 silly cache add   scope: '@matteo.collina',
36 silly cache add   name: '@matteo.collina/cocktail-control',
36 silly cache add   rawSpec: '^1.0.1',
36 silly cache add   spec: '>=1.0.1 <2.0.0',
36 silly cache add   type: 'range' }
37 silly addNamed @matteo.collina/cocktail-control@>=1.0.1 <2.0.0
38 verbose addNamed ">=1.0.1 <2.0.0" is a valid semver range for @matteo.collina/cocktail-control
39 silly addNameRange { name: '@matteo.collina/cocktail-control',
39 silly addNameRange   range: '>=1.0.1 <2.0.0',
39 silly addNameRange   hasData: false }
40 silly mapToRegistry name @matteo.collina/cocktail-control
41 silly mapToRegistry scope (from package name) @matteo.collina
42 verbose mapToRegistry no registry URL found in name for scope @matteo.collina
43 silly mapToRegistry using default registry
44 silly mapToRegistry registry https://registry.npmjs.org/
45 silly mapToRegistry uri https://registry.npmjs.org/@matteo.collina%2fcocktail-control
46 verbose addNameRange registry:https://registry.npmjs.org/@matteo.collina%2fcocktail-control not in flight; fetching
47 verbose already installed skipping chalk@^1.1.1 /work/experiments/workaholic-ui
48 verbose already installed skipping express@^4.13.3 /work/experiments/workaholic-ui
49 verbose already installed skipping fastparallel@^1.6.1 /work/experiments/workaholic-ui
50 verbose already installed skipping level@^1.3.0 /work/experiments/workaholic-ui
51 verbose request uri https://registry.npmjs.org/@matteo.collina%2fcocktail-control
52 verbose request no auth needed
53 info attempt registry request try #1 at 14:20:01
54 verbose request id dd36958f34ad0a2f
55 verbose etag "6ERI8PWOG5UKTH7FCFU4ZKMO"
56 http request GET https://registry.npmjs.org/@matteo.collina%2fcocktail-control
57 http 304 https://registry.npmjs.org/@matteo.collina%2fcocktail-control
58 silly get cb [ 304,
58 silly get   { date: 'Sat, 05 Sep 2015 13:20:02 GMT',
58 silly get     via: '1.1 varnish',
58 silly get     'cache-control': 'max-age=0',
58 silly get     etag: '"6ERI8PWOG5UKTH7FCFU4ZKMO"',
58 silly get     age: '0',
58 silly get     connection: 'keep-alive',
58 silly get     'x-served-by': 'cache-fra1242-FRA',
58 silly get     'x-cache': 'MISS',
58 silly get     'x-cache-hits': '0',
58 silly get     'x-timer': 'S1441459202.337379,VS0,VE758',
58 silly get     vary: 'Accept' } ]
59 verbose etag https://registry.npmjs.org/@matteo.collina%2fcocktail-control from cache
60 verbose get saving @matteo.collina/cocktail-control to /home/glen/.npm/registry.npmjs.org/_40matteo.collina_252fcocktail-control/.cache.json
61 silly addNameRange number 2 { name: '@matteo.collina/cocktail-control',
61 silly addNameRange   range: '>=1.0.1 <2.0.0',
61 silly addNameRange   hasData: true }
62 silly addNameRange versions [ '@matteo.collina/cocktail-control', [ '1.0.0' ] ]
63 verbose stack Error: No compatible version found: @matteo.collina/cocktail-control@'>=1.0.1 <2.0.0'
63 verbose stack Valid install targets:
63 verbose stack ["1.0.0"]
63 verbose stack
63 verbose stack     at installTargetsError (/home/glen/.nvm/versions/io.js/v2.5.0/lib/node_modules/npm/lib/cache/add-named.js:278:12)
63 verbose stack     at next (/home/glen/.nvm/versions/io.js/v2.5.0/lib/node_modules/npm/lib/cache/add-named.js:256:19)
63 verbose stack     at setData (/home/glen/.nvm/versions/io.js/v2.5.0/lib/node_modules/npm/lib/cache/add-named.js:230:5)
63 verbose stack     at RES (/home/glen/.nvm/versions/io.js/v2.5.0/lib/node_modules/npm/node_modules/inflight/inflight.js:23:14)
63 verbose stack     at f (/home/glen/.nvm/versions/io.js/v2.5.0/lib/node_modules/npm/node_modules/once/once.js:17:25)
63 verbose stack     at fixName (/home/glen/.nvm/versions/io.js/v2.5.0/lib/node_modules/npm/lib/cache/add-named.js:29:5)
63 verbose stack     at saved (/home/glen/.nvm/versions/io.js/v2.5.0/lib/node_modules/npm/lib/cache/caching-client.js:173:7)
63 verbose stack     at /home/glen/.nvm/versions/io.js/v2.5.0/lib/node_modules/npm/node_modules/graceful-fs/polyfills.js:210:7
63 verbose stack     at FSReqWrap.oncomplete (fs.js:82:15)
64 verbose cwd /work/experiments/workaholic-ui
65 error Linux 4.0.7-040007-generic
66 error argv "/home/glen/.nvm/versions/io.js/v2.5.0/bin/iojs" "/home/glen/.nvm/versions/io.js/v2.5.0/bin/npm" "install"
67 error node v2.5.0
68 error npm  v2.13.2
69 error code ETARGET
70 error notarget No compatible version found: @matteo.collina/cocktail-control@'>=1.0.1 <2.0.0'
70 error notarget Valid install targets:
70 error notarget ["1.0.0"]
70 error notarget
70 error notarget This is most likely not a problem with npm itself.
70 error notarget In most cases you or one of your dependencies are requesting
70 error notarget a package version that doesn't exist.
70 error notarget
70 error notarget It was specified as a dependency of 'workaholic-ui'
71 verbose exit [ 1, true ]
